<?xml version="1.0" encoding="UTF-8"?>
<!-- Generated by org.testng.reporters.JUnitReportReporter -->
<testsuite hostname="INDIA-PC" name="com.chiselon.classifieds.regression.TC01" tests="1" failures="0" timestamp="2 Feb 2018 11:59:32 GMT" time="3.536" errors="0">
  <testcase name="URL" time="3.536" classname="com.chiselon.classifieds.regression.TC01"/>
</testsuite> <!-- com.chiselon.classifieds.regression.TC01 -->
